<?xml version="1.0" encoding="UTF-8"?>
<!-- Generated by org.testng.reporters.JUnitXMLReporter -->
<testsuite hostname="DESKTOP-FVP6106" ignored="0" name="Login Test" tests="1" failures="1" timestamp="03 Jun 2019 09:51:59 GMT" time="3.997" errors="0">
  <testcase name="loginTest" time="3.334" classname="com.w2a.testcases.LoginTest">
    <failure type="java.lang.AssertionError" message="Login test failed">
      <![CDATA[java.lang.AssertionError: Login test failed
at com.w2a.testcases.LoginTest.loginTest(LoginTest.java:20)
... Removed 26 stack frames]]>
    </failure>
  </testcase> <!-- loginTest -->
</testsuite> <!-- Login Test -->
